<?xml version="1.0" encoding="UTF-8"?>
<!-- Generated by org.testng.reporters.JUnitReportReporter -->
<testsuite skipped="0" hostname="ANVER-PC" name="homePageTest.verifyShoppingCartIcon" tests="1" failures="0" timestamp="25 Jul 2021 17:04:57 GMT" time="12.328" errors="0">
  <testcase name="verifyShoppingCartIconisAvailable" time="12.328" classname="homePageTest.verifyShoppingCartIcon"/>
</testsuite> <!-- homePageTest.verifyShoppingCartIcon -->
