<?xml version="1.0" encoding="UTF-8"?>
<!-- Generated by org.testng.reporters.JUnitReportReporter -->
<testsuite skipped="0" hostname="ANVER-PC" name="HomePageTest" tests="5" failures="0" timestamp="25 Jul 2021 13:49:59 GMT" time="49.070" errors="0">
  <testcase name="verifyPageTitle" time="15.237" classname="HomePageTest"/>
  <testcase name="verifyAussieTimeSheetsimg" time="7.703" classname="HomePageTest"/>
  <testcase name="verifyUsersMenuAvailable" time="9.638" classname="HomePageTest"/>
  <testcase name="verifyLanguagesLinkIsAvailable" time="8.424" classname="HomePageTest"/>
  <testcase name="verifyTodaysDate" time="8.068" classname="HomePageTest"/>
</testsuite> <!-- HomePageTest -->
