<?xml version="1.0" encoding="UTF-8"?>
<!-- Generated by org.testng.reporters.JUnitReportReporter -->
<testsuite skipped="0" hostname="ANVER-PC" name="homePageTest.verifyLanguageLinkAvailable" tests="1" failures="0" timestamp="25 Jul 2021 17:02:40 GMT" time="14.474" errors="0">
  <testcase name="verifyLanguagesLinkIsAvailable" time="14.474" classname="homePageTest.verifyLanguageLinkAvailable"/>
</testsuite> <!-- homePageTest.verifyLanguageLinkAvailable -->
