<?xml version="1.0" encoding="UTF-8"?>
<!-- Generated by org.testng.reporters.JUnitReportReporter -->
<testsuite skipped="0" hostname="ANVER-PC" name="homePageTest.VerifyHomePageLogo" tests="1" failures="0" timestamp="25 Jul 2021 16:23:05 GMT" time="18.995" errors="0">
  <testcase name="verifyAussieTimeSheetsimg" time="18.995" classname="homePageTest.VerifyHomePageLogo"/>
</testsuite> <!-- homePageTest.VerifyHomePageLogo -->
