<?xml version="1.0" encoding="UTF-8"?>
<!-- Generated by org.testng.reporters.JUnitReportReporter -->
<testsuite skipped="0" hostname="ANVER-PC" name="homePageTest.verifyDashBoardText" tests="1" failures="0" timestamp="25 Jul 2021 17:01:01 GMT" time="13.685" errors="0">
  <testcase name="verifyDashboardText" time="13.685" classname="homePageTest.verifyDashBoardText"/>
</testsuite> <!-- homePageTest.verifyDashBoardText -->
