<?xml version="1.0" encoding="UTF-8"?>
<!-- Generated by org.testng.reporters.JUnitReportReporter -->
<testsuite skipped="0" hostname="ANVER-PC" name="homePageTest.VerifyHomePageLogo" tests="1" failures="0" timestamp="2021-07-25T22:39:53 IST" time="12.359" errors="0">
  <testcase name="verifyAussieTimeSheetsimg" time="12.359" classname="homePageTest.VerifyHomePageLogo"/>
  <system-out/>
</testsuite> <!-- homePageTest.VerifyHomePageLogo -->
