<?xml version="1.0" encoding="UTF-8"?>
<!-- Generated by org.testng.reporters.JUnitReportReporter -->
<testsuite skipped="0" hostname="ANVER-PC" name="AllUsersPageTest" tests="2" failures="0" timestamp="2021-07-22T21:09:33 IST" time="0.726" errors="0">
  <testcase name="verifyDemo" time="0.310" classname="AllUsersPageTest"/>
  <system-out/>
  <testcase name="verifyUserListContainOb" time="0.416" classname="AllUsersPageTest"/>
  <system-out/>
</testsuite> <!-- AllUsersPageTest -->
