<?xml version="1.0" encoding="UTF-8"?>
<!-- Generated by org.testng.reporters.JUnitReportReporter -->
<testsuite skipped="0" hostname="ANVER-PC" name="homePageTest.verifyLanguageLinkAvailable" tests="1" failures="0" timestamp="2021-07-25T22:39:53 IST" time="15.696" errors="0">
  <testcase name="verifyLanguagesLinkIsAvailable" time="15.696" classname="homePageTest.verifyLanguageLinkAvailable"/>
  <system-out/>
</testsuite> <!-- homePageTest.verifyLanguageLinkAvailable -->
