<?xml version="1.0" encoding="UTF-8"?>
<!-- Generated by org.testng.reporters.JUnitReportReporter -->
<testsuite skipped="0" hostname="ANVER-PC" name="LoginPageTest" tests="1" failures="0" timestamp="2021-07-22T21:09:33 IST" time="20.283" errors="0">
  <testcase name="verifyPageTitle" time="20.283" classname="LoginPageTest"/>
  <system-out/>
</testsuite> <!-- LoginPageTest -->
