<?xml version="1.0" encoding="UTF-8"?>
<!-- Generated by org.testng.reporters.JUnitReportReporter -->
<testsuite skipped="0" hostname="ANVER-PC" name="NewUserPageTest" tests="2" failures="0" timestamp="2021-07-22T21:09:33 IST" time="1.734" errors="0">
  <testcase name="verifySelectUserTypeDropDown" time="1.721" classname="NewUserPageTest"/>
  <system-out/>
  <testcase name="verifyUserDetails" time="0.013" classname="NewUserPageTest"/>
  <system-out/>
</testsuite> <!-- NewUserPageTest -->
