<?xml version="1.0" encoding="UTF-8"?>
<!-- Generated by org.testng.reporters.JUnitReportReporter -->
<testsuite skipped="0" hostname="ANVER-PC" name="HomePageTest" tests="5" failures="0" timestamp="2021-07-22T21:09:33 IST" time="2.109" errors="0">
  <testcase name="verifyAussieTimeSheetsimg" time="0.329" classname="HomePageTest"/>
  <system-out/>
  <testcase name="verifyLanguagesLinkIsAvailable" time="0.240" classname="HomePageTest"/>
  <system-out/>
  <testcase name="verifyPageTitle" time="0.037" classname="HomePageTest"/>
  <system-out/>
  <testcase name="verifyUsersMenuAvailable" time="1.375" classname="HomePageTest"/>
  <system-out/>
  <testcase name="verifyTodaysDate" time="0.128" classname="HomePageTest"/>
  <system-out/>
</testsuite> <!-- HomePageTest -->
