<?xml version="1.0" encoding="UTF-8"?>
<!-- Generated by org.testng.reporters.JUnitReportReporter -->
<testsuite skipped="0" hostname="ANVER-PC" name="homePageTest.verifyDashBoardText" tests="1" failures="0" timestamp="2021-07-25T22:39:53 IST" time="16.261" errors="0">
  <testcase name="verifyDashboardText" time="16.261" classname="homePageTest.verifyDashBoardText"/>
  <system-out/>
</testsuite> <!-- homePageTest.verifyDashBoardText -->
