<?xml version="1.0" encoding="UTF-8"?>
<!-- Generated by org.testng.reporters.JUnitReportReporter -->
<testsuite skipped="0" hostname="ANVER-PC" name="homePageTest.VerifyHomePageTitle" tests="1" failures="0" timestamp="2021-07-25T22:39:53 IST" time="16.924" errors="0">
  <testcase name="verifyPageTitle" time="16.924" classname="homePageTest.VerifyHomePageTitle"/>
  <system-out/>
</testsuite> <!-- homePageTest.VerifyHomePageTitle -->
