<?xml version="1.0" encoding="UTF-8"?>
<!-- Generated by org.testng.reporters.JUnitReportReporter -->
<testsuite skipped="0" hostname="ANVER-PC" name="homePageTest.verifyShoppingCartIcon" tests="1" failures="0" timestamp="2021-07-25T22:39:53 IST" time="12.560" errors="0">
  <testcase name="verifyShoppingCartIconisAvailable" time="12.560" classname="homePageTest.verifyShoppingCartIcon"/>
  <system-out/>
</testsuite> <!-- homePageTest.verifyShoppingCartIcon -->
